{"C:\\Users\\jeffe\\Desktop\\desafio-lanchonete-2023\\src\\caixa-da-lanchonete.js": {"path":"C:\\Users\\jeffe\\Desktop\\desafio-lanchonete-2023\\src\\caixa-da-lanchonete.js","all":false,"statementMap":{"0":{"start":{"line":1,"column":0},"end":{"line":1,"column":25}},"1":{"start":{"line":2,"column":0},"end":{"line":2,"column":0}},"2":{"start":{"line":3,"column":0},"end":{"line":3,"column":3}},"3":{"start":{"line":4,"column":0},"end":{"line":4,"column":19}},"4":{"start":{"line":5,"column":0},"end":{"line":5,"column":25}},"5":{"start":{"line":6,"column":0},"end":{"line":6,"column":55}},"6":{"start":{"line":7,"column":0},"end":{"line":7,"column":79}},"7":{"start":{"line":8,"column":0},"end":{"line":8,"column":63}},"8":{"start":{"line":9,"column":0},"end":{"line":9,"column":65}},"9":{"start":{"line":10,"column":0},"end":{"line":10,"column":80}},"10":{"start":{"line":11,"column":0},"end":{"line":11,"column":61}},"11":{"start":{"line":12,"column":0},"end":{"line":12,"column":73}},"12":{"start":{"line":13,"column":0},"end":{"line":13,"column":72}},"13":{"start":{"line":14,"column":0},"end":{"line":14,"column":10}},"14":{"start":{"line":15,"column":0},"end":{"line":15,"column":5}},"15":{"start":{"line":16,"column":0},"end":{"line":16,"column":0}},"16":{"start":{"line":17,"column":0},"end":{"line":17,"column":52}},"17":{"start":{"line":18,"column":0},"end":{"line":18,"column":75}},"18":{"start":{"line":19,"column":0},"end":{"line":19,"column":81}},"19":{"start":{"line":20,"column":0},"end":{"line":20,"column":50}},"20":{"start":{"line":21,"column":0},"end":{"line":21,"column":9}},"21":{"start":{"line":22,"column":0},"end":{"line":22,"column":0}},"22":{"start":{"line":23,"column":0},"end":{"line":23,"column":22}},"23":{"start":{"line":24,"column":0},"end":{"line":24,"column":27}},"24":{"start":{"line":25,"column":0},"end":{"line":25,"column":0}},"25":{"start":{"line":26,"column":0},"end":{"line":26,"column":57}},"26":{"start":{"line":27,"column":0},"end":{"line":27,"column":45}},"27":{"start":{"line":28,"column":0},"end":{"line":28,"column":12}},"28":{"start":{"line":29,"column":0},"end":{"line":29,"column":9}},"29":{"start":{"line":30,"column":0},"end":{"line":30,"column":0}},"30":{"start":{"line":31,"column":0},"end":{"line":31,"column":0}},"31":{"start":{"line":32,"column":0},"end":{"line":32,"column":0}},"32":{"start":{"line":33,"column":0},"end":{"line":33,"column":39}},"33":{"start":{"line":34,"column":0},"end":{"line":34,"column":59}},"34":{"start":{"line":35,"column":0},"end":{"line":35,"column":35}},"35":{"start":{"line":36,"column":0},"end":{"line":36,"column":0}},"36":{"start":{"line":37,"column":0},"end":{"line":37,"column":11}},"37":{"start":{"line":38,"column":0},"end":{"line":38,"column":45}},"38":{"start":{"line":39,"column":0},"end":{"line":39,"column":47}},"39":{"start":{"line":40,"column":0},"end":{"line":40,"column":13}},"40":{"start":{"line":41,"column":0},"end":{"line":41,"column":12}},"41":{"start":{"line":42,"column":0},"end":{"line":42,"column":138}},"42":{"start":{"line":43,"column":0},"end":{"line":43,"column":17}},"43":{"start":{"line":44,"column":0},"end":{"line":44,"column":75}},"44":{"start":{"line":45,"column":0},"end":{"line":45,"column":16}},"45":{"start":{"line":46,"column":0},"end":{"line":46,"column":17}},"46":{"start":{"line":47,"column":0},"end":{"line":47,"column":0}},"47":{"start":{"line":48,"column":0},"end":{"line":48,"column":137}},"48":{"start":{"line":49,"column":0},"end":{"line":49,"column":17}},"49":{"start":{"line":50,"column":0},"end":{"line":50,"column":75}},"50":{"start":{"line":51,"column":0},"end":{"line":51,"column":16}},"51":{"start":{"line":52,"column":0},"end":{"line":52,"column":17}},"52":{"start":{"line":53,"column":0},"end":{"line":53,"column":0}},"53":{"start":{"line":54,"column":0},"end":{"line":54,"column":14}},"54":{"start":{"line":55,"column":0},"end":{"line":55,"column":145}},"55":{"start":{"line":56,"column":0},"end":{"line":56,"column":79}},"56":{"start":{"line":57,"column":0},"end":{"line":57,"column":21}},"57":{"start":{"line":58,"column":0},"end":{"line":58,"column":16}},"58":{"start":{"line":59,"column":0},"end":{"line":59,"column":0}},"59":{"start":{"line":60,"column":0},"end":{"line":60,"column":144}},"60":{"start":{"line":61,"column":0},"end":{"line":61,"column":79}},"61":{"start":{"line":62,"column":0},"end":{"line":62,"column":21}},"62":{"start":{"line":63,"column":0},"end":{"line":63,"column":0}},"63":{"start":{"line":64,"column":0},"end":{"line":64,"column":0}},"64":{"start":{"line":65,"column":0},"end":{"line":65,"column":12}},"65":{"start":{"line":66,"column":0},"end":{"line":66,"column":40}},"66":{"start":{"line":67,"column":0},"end":{"line":67,"column":83}},"67":{"start":{"line":68,"column":0},"end":{"line":68,"column":35}},"68":{"start":{"line":69,"column":0},"end":{"line":69,"column":13}},"69":{"start":{"line":70,"column":0},"end":{"line":70,"column":12}},"70":{"start":{"line":71,"column":0},"end":{"line":71,"column":18}},"71":{"start":{"line":72,"column":0},"end":{"line":72,"column":40}},"72":{"start":{"line":73,"column":0},"end":{"line":73,"column":13}},"73":{"start":{"line":74,"column":0},"end":{"line":74,"column":11}},"74":{"start":{"line":75,"column":0},"end":{"line":75,"column":9}},"75":{"start":{"line":76,"column":0},"end":{"line":76,"column":8}},"76":{"start":{"line":77,"column":0},"end":{"line":77,"column":26}},"77":{"start":{"line":78,"column":0},"end":{"line":78,"column":58}},"78":{"start":{"line":79,"column":0},"end":{"line":79,"column":9}},"79":{"start":{"line":80,"column":0},"end":{"line":80,"column":0}},"80":{"start":{"line":81,"column":0},"end":{"line":81,"column":46}},"81":{"start":{"line":82,"column":0},"end":{"line":82,"column":27}},"82":{"start":{"line":83,"column":0},"end":{"line":83,"column":0}},"83":{"start":{"line":84,"column":0},"end":{"line":84,"column":52}},"84":{"start":{"line":85,"column":0},"end":{"line":85,"column":27}},"85":{"start":{"line":86,"column":0},"end":{"line":86,"column":9}},"86":{"start":{"line":87,"column":0},"end":{"line":87,"column":0}},"87":{"start":{"line":88,"column":0},"end":{"line":88,"column":58}},"88":{"start":{"line":89,"column":0},"end":{"line":89,"column":5}},"89":{"start":{"line":90,"column":0},"end":{"line":90,"column":1}},"90":{"start":{"line":91,"column":0},"end":{"line":91,"column":0}},"91":{"start":{"line":92,"column":0},"end":{"line":92,"column":29}}},"s":{"0":1,"1":1,"2":1,"3":1,"4":19,"5":19,"6":19,"7":19,"8":19,"9":19,"10":19,"11":19,"12":19,"13":19,"14":19,"15":1,"16":1,"17":19,"18":19,"19":1,"20":1,"21":18,"22":18,"23":18,"24":18,"25":18,"26":42,"27":42,"28":42,"29":18,"30":18,"31":18,"32":19,"33":26,"34":26,"35":26,"36":26,"37":26,"38":1,"39":1,"40":25,"41":26,"42":26,"43":1,"44":1,"45":1,"46":24,"47":26,"48":26,"49":1,"50":1,"51":1,"52":23,"53":23,"54":26,"55":1,"56":1,"57":22,"58":22,"59":26,"60":1,"61":1,"62":21,"63":21,"64":21,"65":26,"66":19,"67":19,"68":19,"69":2,"70":2,"71":2,"72":2,"73":26,"74":26,"75":11,"76":19,"77":3,"78":3,"79":8,"80":19,"81":2,"82":2,"83":19,"84":3,"85":3,"86":8,"87":8,"88":8,"89":1,"90":1,"91":1},"branchMap":{"0":{"type":"branch","line":4,"loc":{"start":{"line":4,"column":4},"end":{"line":15,"column":5}},"locations":[{"start":{"line":4,"column":4},"end":{"line":15,"column":5}}]},"1":{"type":"branch","line":17,"loc":{"start":{"line":17,"column":4},"end":{"line":89,"column":5}},"locations":[{"start":{"line":17,"column":4},"end":{"line":89,"column":5}}]},"2":{"type":"branch","line":19,"loc":{"start":{"line":19,"column":80},"end":{"line":21,"column":9}},"locations":[{"start":{"line":19,"column":80},"end":{"line":21,"column":9}}]},"3":{"type":"branch","line":21,"loc":{"start":{"line":21,"column":8},"end":{"line":33,"column":38}},"locations":[{"start":{"line":21,"column":8},"end":{"line":33,"column":38}}]},"4":{"type":"branch","line":33,"loc":{"start":{"line":33,"column":38},"end":{"line":75,"column":9}},"locations":[{"start":{"line":33,"column":38},"end":{"line":75,"column":9}}]},"5":{"type":"branch","line":38,"loc":{"start":{"line":38,"column":44},"end":{"line":40,"column":13}},"locations":[{"start":{"line":38,"column":44},"end":{"line":40,"column":13}}]},"6":{"type":"branch","line":40,"loc":{"start":{"line":40,"column":12},"end":{"line":42,"column":55}},"locations":[{"start":{"line":40,"column":12},"end":{"line":42,"column":55}}]},"7":{"type":"branch","line":42,"loc":{"start":{"line":42,"column":51},"end":{"line":42,"column":94}},"locations":[{"start":{"line":42,"column":51},"end":{"line":42,"column":94}}]},"8":{"type":"branch","line":42,"loc":{"start":{"line":42,"column":94},"end":{"line":42,"column":136}},"locations":[{"start":{"line":42,"column":94},"end":{"line":42,"column":136}}]},"9":{"type":"branch","line":43,"loc":{"start":{"line":43,"column":16},"end":{"line":46,"column":17}},"locations":[{"start":{"line":43,"column":16},"end":{"line":46,"column":17}}]},"10":{"type":"branch","line":46,"loc":{"start":{"line":46,"column":16},"end":{"line":48,"column":54}},"locations":[{"start":{"line":46,"column":16},"end":{"line":48,"column":54}}]},"11":{"type":"branch","line":48,"loc":{"start":{"line":48,"column":50},"end":{"line":48,"column":93}},"locations":[{"start":{"line":48,"column":50},"end":{"line":48,"column":93}}]},"12":{"type":"branch","line":48,"loc":{"start":{"line":48,"column":93},"end":{"line":48,"column":135}},"locations":[{"start":{"line":48,"column":93},"end":{"line":48,"column":135}}]},"13":{"type":"branch","line":49,"loc":{"start":{"line":49,"column":16},"end":{"line":52,"column":17}},"locations":[{"start":{"line":49,"column":16},"end":{"line":52,"column":17}}]},"14":{"type":"branch","line":52,"loc":{"start":{"line":52,"column":16},"end":{"line":55,"column":58}},"locations":[{"start":{"line":52,"column":16},"end":{"line":55,"column":58}}]},"15":{"type":"branch","line":55,"loc":{"start":{"line":55,"column":54},"end":{"line":55,"column":95}},"locations":[{"start":{"line":55,"column":54},"end":{"line":55,"column":95}}]},"16":{"type":"branch","line":55,"loc":{"start":{"line":55,"column":95},"end":{"line":55,"column":142}},"locations":[{"start":{"line":55,"column":95},"end":{"line":55,"column":142}}]},"17":{"type":"branch","line":55,"loc":{"start":{"line":55,"column":144},"end":{"line":57,"column":21}},"locations":[{"start":{"line":55,"column":144},"end":{"line":57,"column":21}}]},"18":{"type":"branch","line":57,"loc":{"start":{"line":57,"column":20},"end":{"line":60,"column":57}},"locations":[{"start":{"line":57,"column":20},"end":{"line":60,"column":57}}]},"19":{"type":"branch","line":60,"loc":{"start":{"line":60,"column":53},"end":{"line":60,"column":94}},"locations":[{"start":{"line":60,"column":53},"end":{"line":60,"column":94}}]},"20":{"type":"branch","line":60,"loc":{"start":{"line":60,"column":94},"end":{"line":60,"column":141}},"locations":[{"start":{"line":60,"column":94},"end":{"line":60,"column":141}}]},"21":{"type":"branch","line":60,"loc":{"start":{"line":60,"column":143},"end":{"line":62,"column":21}},"locations":[{"start":{"line":60,"column":143},"end":{"line":62,"column":21}}]},"22":{"type":"branch","line":62,"loc":{"start":{"line":62,"column":20},"end":{"line":66,"column":39}},"locations":[{"start":{"line":62,"column":20},"end":{"line":66,"column":39}}]},"23":{"type":"branch","line":66,"loc":{"start":{"line":66,"column":39},"end":{"line":69,"column":13}},"locations":[{"start":{"line":66,"column":39},"end":{"line":69,"column":13}}]},"24":{"type":"branch","line":70,"loc":{"start":{"line":70,"column":-1},"end":{"line":73,"column":13}},"locations":[{"start":{"line":70,"column":-1},"end":{"line":73,"column":13}}]},"25":{"type":"branch","line":75,"loc":{"start":{"line":75,"column":8},"end":{"line":77,"column":25}},"locations":[{"start":{"line":75,"column":8},"end":{"line":77,"column":25}}]},"26":{"type":"branch","line":77,"loc":{"start":{"line":77,"column":25},"end":{"line":79,"column":9}},"locations":[{"start":{"line":77,"column":25},"end":{"line":79,"column":9}}]},"27":{"type":"branch","line":79,"loc":{"start":{"line":79,"column":8},"end":{"line":81,"column":45}},"locations":[{"start":{"line":79,"column":8},"end":{"line":81,"column":45}}]},"28":{"type":"branch","line":81,"loc":{"start":{"line":81,"column":45},"end":{"line":84,"column":9}},"locations":[{"start":{"line":81,"column":45},"end":{"line":84,"column":9}}]},"29":{"type":"branch","line":84,"loc":{"start":{"line":84,"column":9},"end":{"line":86,"column":9}},"locations":[{"start":{"line":84,"column":9},"end":{"line":86,"column":9}}]},"30":{"type":"branch","line":84,"loc":{"start":{"line":84,"column":51},"end":{"line":86,"column":9}},"locations":[{"start":{"line":84,"column":51},"end":{"line":86,"column":9}}]},"31":{"type":"branch","line":86,"loc":{"start":{"line":86,"column":8},"end":{"line":89,"column":5}},"locations":[{"start":{"line":86,"column":8},"end":{"line":89,"column":5}}]},"32":{"type":"branch","line":26,"loc":{"start":{"line":26,"column":29},"end":{"line":29,"column":9}},"locations":[{"start":{"line":26,"column":29},"end":{"line":29,"column":9}}]}},"b":{"0":[19],"1":[19],"2":[1],"3":[18],"4":[26],"5":[1],"6":[25],"7":[5],"8":[1],"9":[1],"10":[24],"11":[10],"12":[1],"13":[1],"14":[23],"15":[9],"16":[3],"17":[1],"18":[22],"19":[10],"20":[3],"21":[1],"22":[21],"23":[19],"24":[2],"25":[11],"26":[3],"27":[8],"28":[2],"29":[6],"30":[3],"31":[8],"32":[42]},"fnMap":{"0":{"name":"CaixaDaLanchonete","decl":{"start":{"line":4,"column":4},"end":{"line":15,"column":5}},"loc":{"start":{"line":4,"column":4},"end":{"line":15,"column":5}},"line":4},"1":{"name":"calcularValorDaCompra","decl":{"start":{"line":17,"column":4},"end":{"line":89,"column":5}},"loc":{"start":{"line":17,"column":4},"end":{"line":89,"column":5}},"line":17},"2":{"name":"percorrerLista","decl":{"start":{"line":26,"column":29},"end":{"line":29,"column":9}},"loc":{"start":{"line":26,"column":29},"end":{"line":29,"column":9}},"line":26}},"f":{"0":19,"1":19,"2":42}}
}
