TN:
SF:src\caixa-da-lanchonete.js
FN:4,CaixaDaLanchonete
FN:17,calcularValorDaCompra
FN:26,percorrerLista
FNF:3
FNH:3
FNDA:19,CaixaDaLanchonete
FNDA:19,calcularValorDaCompra
FNDA:42,percorrerLista
DA:1,1
DA:2,1
DA:3,1
DA:4,1
DA:5,19
DA:6,19
DA:7,19
DA:8,19
DA:9,19
DA:10,19
DA:11,19
DA:12,19
DA:13,19
DA:14,19
DA:15,19
DA:16,1
DA:17,1
DA:18,19
DA:19,19
DA:20,1
DA:21,1
DA:22,18
DA:23,18
DA:24,18
DA:25,18
DA:26,18
DA:27,42
DA:28,42
DA:29,42
DA:30,18
DA:31,18
DA:32,18
DA:33,19
DA:34,26
DA:35,26
DA:36,26
DA:37,26
DA:38,26
DA:39,1
DA:40,1
DA:41,25
DA:42,26
DA:43,26
DA:44,1
DA:45,1
DA:46,1
DA:47,24
DA:48,26
DA:49,26
DA:50,1
DA:51,1
DA:52,1
DA:53,23
DA:54,23
DA:55,26
DA:56,1
DA:57,1
DA:58,22
DA:59,22
DA:60,26
DA:61,1
DA:62,1
DA:63,21
DA:64,21
DA:65,21
DA:66,26
DA:67,19
DA:68,19
DA:69,19
DA:70,2
DA:71,2
DA:72,2
DA:73,2
DA:74,26
DA:75,26
DA:76,11
DA:77,19
DA:78,3
DA:79,3
DA:80,8
DA:81,19
DA:82,2
DA:83,2
DA:84,19
DA:85,3
DA:86,3
DA:87,8
DA:88,8
DA:89,8
DA:90,1
DA:91,1
DA:92,1
LF:92
LH:92
BRDA:4,0,0,19
BRDA:17,1,0,19
BRDA:19,2,0,1
BRDA:21,3,0,18
BRDA:33,4,0,26
BRDA:38,5,0,1
BRDA:40,6,0,25
BRDA:42,7,0,5
BRDA:42,8,0,1
BRDA:43,9,0,1
BRDA:46,10,0,24
BRDA:48,11,0,10
BRDA:48,12,0,1
BRDA:49,13,0,1
BRDA:52,14,0,23
BRDA:55,15,0,9
BRDA:55,16,0,3
BRDA:55,17,0,1
BRDA:57,18,0,22
BRDA:60,19,0,10
BRDA:60,20,0,3
BRDA:60,21,0,1
BRDA:62,22,0,21
BRDA:66,23,0,19
BRDA:70,24,0,2
BRDA:75,25,0,11
BRDA:77,26,0,3
BRDA:79,27,0,8
BRDA:81,28,0,2
BRDA:84,29,0,6
BRDA:84,30,0,3
BRDA:86,31,0,8
BRDA:26,32,0,42
BRF:33
BRH:33
end_of_record
